<?xml version="1.0" encoding="UTF-8"?>
<!-- Generated by org.testng.reporters.JUnitXMLReporter -->
<testsuite ignored="3" hostname="DESKTOP-CHA6NI9" failures="0" tests="2" name="Default test" time="99.251" errors="0" timestamp="2024-08-14T19:07:13 IST">
  <testcase classname="com.saucedemo.testcases.Testcase" name="SortingInDescendingOrder1" time="12.308"/>
  <testcase classname="com.saucedemo.testcases.Testcase" name="PriceSortingLowtoHigh" time="0.966"/>
  <testcase classname="com.saucedemo.testcases.Testcase" name="PriceSortingHightoLow" time="0.0">
    <ignored/>
  </testcase> <!-- PriceSortingHightoLow -->
  <testcase classname="com.saucedemo.testcases.Testcase" name="SortingInAscendingOrder" time="0.0">
    <ignored/>
  </testcase> <!-- SortingInAscendingOrder -->
  <testcase classname="com.saucedemo.testcases.Testcase" name="AddtoCart2" time="0.0">
    <ignored/>
  </testcase> <!-- AddtoCart2 -->
</testsuite> <!-- Default test -->
