<?xml version="1.0" encoding="UTF-8"?>
<!-- Generated by org.testng.reporters.JUnitXMLReporter -->
<testsuite ignored="2" hostname="DESKTOP-CHA6NI9" failures="0" tests="3" name="Default test" time="64.534" errors="0" timestamp="2024-08-13T12:46:21 IST">
  <testcase classname="com.saucedemo.testcases.Testcase" name="SortingInDescendingOrder1" time="7.36"/>
  <testcase classname="com.saucedemo.testcases.Testcase" name="PriceSortingLowtoHigh" time="0.396"/>
  <testcase classname="com.saucedemo.testcases.Testcase" name="PriceSortingHightoLow" time="0.364"/>
  <testcase classname="com.saucedemo.testcases.Testcase" name="SortingInAscendingOrder" time="0.0">
    <ignored/>
  </testcase> <!-- SortingInAscendingOrder -->
  <testcase classname="com.saucedemo.testcases.Testcase" name="AddtoCart2" time="0.0">
    <ignored/>
  </testcase> <!-- AddtoCart2 -->
</testsuite> <!-- Default test -->
