<?xml version="1.0" encoding="UTF-8"?>
<testng-results ignored="3" total="5" passed="2" failed="0" skipped="0">
  <reporter-output>
  </reporter-output>
  <suite started-at="2024-08-14T19:05:34 IST" name="Default suite" finished-at="2024-08-14T19:07:13 IST" duration-ms="99251">
    <groups>
    </groups>
    <test started-at="2024-08-14T19:05:34 IST" name="Default test" finished-at="2024-08-14T19:07:13 IST" duration-ms="99251">
      <class name="com.saucedemo.testcases.Testcase">
        <test-method is-config="true" signature="StartExtent()[pri:0, instance:com.saucedemo.testcases.Testcase@72035809]" started-at="2024-08-14T19:05:31 IST" name="StartExtent" finished-at="2024-08-14T19:05:34 IST" duration-ms="2804" status="PASS">
          <reporter-output>
          </reporter-output>
        </test-method> <!-- StartExtent -->
        <test-method is-config="true" signature="SetUp()[pri:0, instance:com.saucedemo.testcases.Testcase@72035809]" started-at="2024-08-14T19:05:34 IST" name="SetUp" finished-at="2024-08-14T19:06:28 IST" duration-ms="54312" status="PASS">
          <reporter-output>
          </reporter-output>
        </test-method> <!-- SetUp -->
        <test-method signature="SortingInDescendingOrder1()[pri:3, instance:com.saucedemo.testcases.Testcase@72035809]" started-at="2024-08-14T19:06:28 IST" name="SortingInDescendingOrder1" finished-at="2024-08-14T19:06:41 IST" duration-ms="12308" status="PASS">
          <reporter-output>
          </reporter-output>
        </test-method> <!-- SortingInDescendingOrder1 -->
        <test-method is-config="true" signature="tearDown()[pri:0, instance:com.saucedemo.testcases.Testcase@72035809]" started-at="2024-08-14T19:06:41 IST" name="tearDown" finished-at="2024-08-14T19:06:49 IST" duration-ms="8325" status="PASS">
          <reporter-output>
          </reporter-output>
        </test-method> <!-- tearDown -->
        <test-method is-config="true" signature="SetUp()[pri:0, instance:com.saucedemo.testcases.Testcase@72035809]" started-at="2024-08-14T19:06:49 IST" name="SetUp" finished-at="2024-08-14T19:07:11 IST" duration-ms="21520" status="PASS">
          <reporter-output>
          </reporter-output>
        </test-method> <!-- SetUp -->
        <test-method signature="PriceSortingLowtoHigh()[pri:4, instance:com.saucedemo.testcases.Testcase@72035809]" started-at="2024-08-14T19:07:11 IST" name="PriceSortingLowtoHigh" finished-at="2024-08-14T19:07:11 IST" duration-ms="966" status="PASS">
          <reporter-output>
          </reporter-output>
        </test-method> <!-- PriceSortingLowtoHigh -->
        <test-method is-config="true" signature="tearDown()[pri:0, instance:com.saucedemo.testcases.Testcase@72035809]" started-at="2024-08-14T19:07:11 IST" name="tearDown" finished-at="2024-08-14T19:07:13 IST" duration-ms="1576" status="PASS">
          <reporter-output>
          </reporter-output>
        </test-method> <!-- tearDown -->
        <test-method is-config="true" signature="EndExtent()[pri:0, instance:com.saucedemo.testcases.Testcase@72035809]" started-at="2024-08-14T19:07:13 IST" name="EndExtent" finished-at="2024-08-14T19:07:16 IST" duration-ms="2678" status="PASS">
          <reporter-output>
          </reporter-output>
        </test-method> <!-- EndExtent -->
      </class> <!-- com.saucedemo.testcases.Testcase -->
    </test> <!-- Default test -->
  </suite> <!-- Default suite -->
</testng-results>
