<?xml version="1.0" encoding="UTF-8"?>
<testng-results ignored="2" total="5" passed="3" failed="0" skipped="0">
  <reporter-output>
  </reporter-output>
  <suite started-at="2024-08-13T12:45:16 IST" name="Default suite" finished-at="2024-08-13T12:46:21 IST" duration-ms="64534">
    <groups>
    </groups>
    <test started-at="2024-08-13T12:45:16 IST" name="Default test" finished-at="2024-08-13T12:46:21 IST" duration-ms="64534">
      <class name="com.saucedemo.testcases.Testcase">
        <test-method is-config="true" signature="StartExtent()[pri:0, instance:com.saucedemo.testcases.Testcase@72035809]" started-at="2024-08-13T12:45:15 IST" name="StartExtent" finished-at="2024-08-13T12:45:16 IST" duration-ms="1399" status="PASS">
          <reporter-output>
          </reporter-output>
        </test-method> <!-- StartExtent -->
        <test-method is-config="true" signature="SetUp()[pri:0, instance:com.saucedemo.testcases.Testcase@72035809]" started-at="2024-08-13T12:45:16 IST" name="SetUp" finished-at="2024-08-13T12:45:45 IST" duration-ms="28571" status="PASS">
          <reporter-output>
          </reporter-output>
        </test-method> <!-- SetUp -->
        <test-method signature="SortingInDescendingOrder1()[pri:3, instance:com.saucedemo.testcases.Testcase@72035809]" started-at="2024-08-13T12:45:45 IST" name="SortingInDescendingOrder1" finished-at="2024-08-13T12:45:52 IST" duration-ms="7360" status="PASS">
          <reporter-output>
          </reporter-output>
        </test-method> <!-- SortingInDescendingOrder1 -->
        <test-method is-config="true" signature="tearDown()[pri:0, instance:com.saucedemo.testcases.Testcase@72035809]" started-at="2024-08-13T12:45:52 IST" name="tearDown" finished-at="2024-08-13T12:45:53 IST" duration-ms="889" status="PASS">
          <reporter-output>
          </reporter-output>
        </test-method> <!-- tearDown -->
        <test-method is-config="true" signature="SetUp()[pri:0, instance:com.saucedemo.testcases.Testcase@72035809]" started-at="2024-08-13T12:45:53 IST" name="SetUp" finished-at="2024-08-13T12:46:07 IST" duration-ms="13348" status="PASS">
          <reporter-output>
          </reporter-output>
        </test-method> <!-- SetUp -->
        <test-method signature="PriceSortingLowtoHigh()[pri:4, instance:com.saucedemo.testcases.Testcase@72035809]" started-at="2024-08-13T12:46:07 IST" name="PriceSortingLowtoHigh" finished-at="2024-08-13T12:46:07 IST" duration-ms="396" status="PASS">
          <reporter-output>
          </reporter-output>
        </test-method> <!-- PriceSortingLowtoHigh -->
        <test-method is-config="true" signature="tearDown()[pri:0, instance:com.saucedemo.testcases.Testcase@72035809]" started-at="2024-08-13T12:46:07 IST" name="tearDown" finished-at="2024-08-13T12:46:07 IST" duration-ms="368" status="PASS">
          <reporter-output>
          </reporter-output>
        </test-method> <!-- tearDown -->
        <test-method is-config="true" signature="SetUp()[pri:0, instance:com.saucedemo.testcases.Testcase@72035809]" started-at="2024-08-13T12:46:07 IST" name="SetUp" finished-at="2024-08-13T12:46:20 IST" duration-ms="12190" status="PASS">
          <reporter-output>
          </reporter-output>
        </test-method> <!-- SetUp -->
        <test-method signature="PriceSortingHightoLow()[pri:5, instance:com.saucedemo.testcases.Testcase@72035809]" started-at="2024-08-13T12:46:20 IST" name="PriceSortingHightoLow" finished-at="2024-08-13T12:46:20 IST" duration-ms="364" status="PASS">
          <reporter-output>
          </reporter-output>
        </test-method> <!-- PriceSortingHightoLow -->
        <test-method is-config="true" signature="tearDown()[pri:0, instance:com.saucedemo.testcases.Testcase@72035809]" started-at="2024-08-13T12:46:20 IST" name="tearDown" finished-at="2024-08-13T12:46:21 IST" duration-ms="970" status="PASS">
          <reporter-output>
          </reporter-output>
        </test-method> <!-- tearDown -->
        <test-method is-config="true" signature="EndExtent()[pri:0, instance:com.saucedemo.testcases.Testcase@72035809]" started-at="2024-08-13T12:46:21 IST" name="EndExtent" finished-at="2024-08-13T12:46:22 IST" duration-ms="786" status="PASS">
          <reporter-output>
          </reporter-output>
        </test-method> <!-- EndExtent -->
      </class> <!-- com.saucedemo.testcases.Testcase -->
    </test> <!-- Default test -->
  </suite> <!-- Default suite -->
</testng-results>
